---
title: ALTER INDEX
summary: An overview of the usage of ALTER INDEX for the TiDB database.
---

# インデックスの変更 {#alter-index}

`ALTER INDEX`ステートメントは、インデックスの可視性を`Visible`または`Invisible`に変更するために使用されます。非表示のインデックスは DML ステートメントによって維持されますが、クエリ オプティマイザーでは使用されません。これは、インデックスを完全に削除する前に再確認する必要があるシナリオで役立ちます。

## あらすじ {#synopsis}

```ebnf+diagram
AlterTableStmt
         ::= 'ALTER' 'IGNORE'? 'TABLE' TableName AlterIndexSpec ( ',' AlterIndexSpec )*

AlterIndexSpec
         ::= 'ALTER' 'INDEX' Identifier ( 'VISIBLE' | 'INVISIBLE' )
```

## 例 {#examples}

`ALTER TABLE ... ALTER INDEX ...`ステートメントを使用して、インデックスの可視性を変更できます。

{{< copyable "" >}}

```sql
CREATE TABLE t1 (c1 INT, UNIQUE(c1));
ALTER TABLE t1 ALTER INDEX c1 INVISIBLE;
```

```sql
Query OK, 0 rows affected (0.02 sec)
```

{{< copyable "" >}}

```sql
SHOW CREATE TABLE t1;
```

```sql
+-------+------------------------------------------------------------------------------------------------------------------------------------------------------------------------------------------+
| Table | Create Table
                                    |
+-------+------------------------------------------------------------------------------------------------------------------------------------------------------------------------------------------+
| t1    | CREATE TABLE `t1` (
  `c1` int(11) DEFAULT NULL,
  UNIQUE KEY `c1` (`c1`) /*!80000 INVISIBLE */
) ENGINE=InnoDB DEFAULT CHARSET=utf8mb4 COLLATE=utf8mb4_bin |
+-------+------------------------------------------------------------------------------------------------------------------------------------------------------------------------------------------+
1 row in set (0.00 sec)
```

オプティマイザは`c1`の非表示**インデックス**を使用できません。

{{< copyable "" >}}

```sql
EXPLAIN SELECT c1 FROM t1 ORDER BY c1;
```

```sql
+-------------------------+----------+-----------+---------------+--------------------------------+
| id                      | estRows  | task      | access object | operator info                  |
+-------------------------+----------+-----------+---------------+--------------------------------+
| Sort_4                  | 10000.00 | root      |               | test.t1.c1:asc                 |
| └─TableReader_8         | 10000.00 | root      |               | data:TableFullScan_7           |
|   └─TableFullScan_7     | 10000.00 | cop[tikv] | table:t1      | keep order:false, stats:pseudo |
+-------------------------+----------+-----------+---------------+--------------------------------+
3 rows in set (0.00 sec)
```

比較すると、 `c2`は**可視インデックス**であり、オプティマイザーで使用できます。

{{< copyable "" >}}

```sql
EXPLAIN SELECT c2 FROM t1 ORDER BY c2;
```

```sql
+------------------------+----------+-----------+------------------------+-------------------------------+
| id                     | estRows  | task      | access object          | operator info                 |
+------------------------+----------+-----------+------------------------+-------------------------------+
| IndexReader_13         | 10000.00 | root      |                        | index:IndexFullScan_12        |
| └─IndexFullScan_12     | 10000.00 | cop[tikv] | table:t1, index:c2(c2) | keep order:true, stats:pseudo |
+------------------------+----------+-----------+------------------------+-------------------------------+
2 rows in set (0.00 sec)
```

`USE INDEX` SQL ヒントを使用してインデックスを強制的に使用しても、オプティマイザは非表示のインデックスを使用できません。そうでない場合は、エラーが返されます。

{{< copyable "" >}}

```sql
SELECT * FROM t1 USE INDEX(c1);
```

```sql
ERROR 1176 (42000): Key 'c1' doesn't exist in table 't1'
```

> **ノート：**
>
> ここでの「見えない」とは、オプティマイザーだけに見えないことを意味します。非表示のインデックスを変更または削除することはできます。

{{< copyable "" >}}

```sql
ALTER TABLE t1 DROP INDEX c1;
```

```sql
Query OK, 0 rows affected (0.02 sec)
```

## MySQL の互換性 {#mysql-compatibility}

-   TiDB の不可視インデックスは、MySQL 8.0 の同等の機能をモデルにしています。
-   MySQL と同様に、TiDB では`PRIMARY KEY`のインデックスを非表示にすることはできません。
-   MySQL は、オプティマイザ スイッチ`use_invisible_indexes=on`を提供して、すべての非表示のインデックスを再び*表示できるよう*にします。この機能は TiDB では利用できません。

## こちらもご覧ください {#see-also}

-   [テーブルを作成](/sql-statements/sql-statement-create-table.md)
-   [インデックスを作成](/sql-statements/sql-statement-create-index.md)
-   [インデックスを追加](/sql-statements/sql-statement-add-index.md)
-   [ドロップインデックス](/sql-statements/sql-statement-drop-index.md)
-   [インデックスの名前を変更](/sql-statements/sql-statement-rename-index.md)
